<?xml version="1.0" encoding="UTF-8"?>
<!-- Generated by org.testng.reporters.JUnitReportReporter -->
<testsuite skipped="0" hostname="DESKTOP-CNQ7RU4" name="com.mockaroo.mockalast" tests="1" failures="0" timestamp="27 Jun 2018 21:00:33 GMT" time="13.872" errors="0">
  <testcase name="dataValidation" time="13.872" classname="com.mockaroo.mockalast"/>
</testsuite> <!-- com.mockaroo.mockalast -->
